<?xml version="1.0" encoding="UTF-8"?>
<!-- Generated by org.testng.reporters.JUnitXMLReporter -->
<testsuite ignored="2" hostname="CodeBox" failures="0" tests="1" name="Default test" time="2.438" errors="0" timestamp="2023-03-27T13:29:06 BST">
  <testcase classname="testscripts.GetAndPost_ex2" name="createUser" time="2.412"/>
  <testcase classname="testscripts.GetAndPost_ex2" name="getSingleUser" time="0.0">
    <ignored/>
  </testcase> <!-- getSingleUser -->
  <testcase classname="testscripts.GetAndPost_ex2" name="getUdersList" time="0.0">
    <ignored/>
  </testcase> <!-- getUdersList -->
</testsuite> <!-- Default test -->
